<?xml version="1.0" encoding="UTF-8"?>
<testng-results skipped="0" failed="0" ignored="0" total="1" passed="1">
  <reporter-output>
  </reporter-output>
  <suite name="Default suite" duration-ms="80813" started-at="2018-07-04T10:47:56Z" finished-at="2018-07-04T10:49:16Z">
    <groups>
    </groups>
    <test name="Default test" duration-ms="80813" started-at="2018-07-04T10:47:56Z" finished-at="2018-07-04T10:49:16Z">
      <class name="TestArray">
        <test-method status="PASS" signature="hello()[pri:0, instance:TestArray@6ab453]" name="hello" duration-ms="80763" started-at="2018-07-04T16:17:56Z" finished-at="2018-07-04T16:19:16Z">
          <reporter-output>
          </reporter-output>
        </test-method> <!-- hello -->
      </class> <!-- TestArray -->
    </test> <!-- Default test -->
  </suite> <!-- Default suite -->
</testng-results>
