<?xml version="1.0" encoding="UTF-8"?>
<!-- Generated by org.testng.reporters.JUnitXMLReporter -->
<testsuite hostname="58-s07" name="RegressiononChromeTest" tests="14" failures="0" timestamp="20 Feb 2018 10:14:15 GMT" time="1282.441" errors="0">
  <testcase name="TC_001_CreateAccountTest" time="36.526" classname="com.applect.meritnation.scripts.CreateAccountTest"/>
  <testcase name="SearchTest" time="45.584" classname="com.applect.meritnation.scripts.SearchTest"/>
  <testcase name="LoginTest" time="34.597" classname="com.applect.meritnation.scripts.LoginTest"/>
  <testcase name="TC_001AskQuestionTest" time="73.013" classname="com.applect.meritnation.scripts.AsknAnswerTest"/>
  <testcase name="TC_001_VerifyStudyPhysicsPageTest" time="189.319" classname="com.applect.meritnation.scripts.StudyTest"/>
  <testcase name="TC_002_verifyStudyPhysicsTopicLiveClasssesTest" time="75.596" classname="com.applect.meritnation.scripts.StudyTest"/>
  <testcase name="TC_003_VerifyStudyPhysicsTopicConceptsTest" time="141.945" classname="com.applect.meritnation.scripts.StudyTest"/>
  <testcase name="TC_004_VerifyStudyPhysicsTopicPracticeTest" time="67.196" classname="com.applect.meritnation.scripts.StudyTest"/>
  <testcase name="TC_005_VerifyStudyPhysicsTopicAssignmentTest" time="76.344" classname="com.applect.meritnation.scripts.StudyTest"/>
  <testcase name="TC_006_VerifyStudyPhysicsTopicTestsTest" time="70.075" classname="com.applect.meritnation.scripts.StudyTest"/>
  <testcase name="TC_007_VerifyStudyPhysicsTopicPupularQuestionsTest" time="77.882" classname="com.applect.meritnation.scripts.StudyTest"/>
  <testcase name="TC_009_VerifyStudyPhysicsTopicRevisionNotesTest" time="79.982" classname="com.applect.meritnation.scripts.StudyTest"/>
  <testcase name="TC_010_VerifyStudyPhysicsTopicBoardPaperQuestionsTest" time="60.588" classname="com.applect.meritnation.scripts.StudyTest"/>
  <testcase name="TC_011_VerifyStudyPhysicsTopicFormativeAssesmentTest" time="77.446" classname="com.applect.meritnation.scripts.StudyTest"/>
</testsuite> <!-- RegressiononChromeTest -->
