<?xml version="1.0" encoding="UTF-8"?>
<testng-results skipped="0" failed="1" total="17" passed="16">
  <reporter-output>
    <line>
      <![CDATA[Chrome Browser launches]]>
    </line>
    <line>
      <![CDATA[Navigate to the URL]]>
    </line>
    <line>
      <![CDATA[Script passed]]>
    </line>
    <line>
      <![CDATA[Browser closed]]>
    </line>
    <line>
      <![CDATA[Chrome Browser launches]]>
    </line>
    <line>
      <![CDATA[Navigate to the URL]]>
    </line>
    <line>
      <![CDATA[Script passed]]>
    </line>
    <line>
      <![CDATA[Browser closed]]>
    </line>
    <line>
      <![CDATA[Chrome Browser launches]]>
    </line>
    <line>
      <![CDATA[Navigate to the URL]]>
    </line>
    <line>
      <![CDATA[Script passed]]>
    </line>
    <line>
      <![CDATA[Browser closed]]>
    </line>
    <line>
      <![CDATA[Chrome Browser launches]]>
    </line>
    <line>
      <![CDATA[Navigate to the URL]]>
    </line>
    <line>
      <![CDATA[Script passed]]>
    </line>
    <line>
      <![CDATA[Browser closed]]>
    </line>
    <line>
      <![CDATA[Chrome Browser launches]]>
    </line>
    <line>
      <![CDATA[Navigate to the URL]]>
    </line>
    <line>
      <![CDATA[Script passed]]>
    </line>
    <line>
      <![CDATA[Browser closed]]>
    </line>
    <line>
      <![CDATA[Chrome Browser launches]]>
    </line>
    <line>
      <![CDATA[Navigate to the URL]]>
    </line>
    <line>
      <![CDATA[Script passed]]>
    </line>
    <line>
      <![CDATA[Browser closed]]>
    </line>
    <line>
      <![CDATA[Chrome Browser launches]]>
    </line>
    <line>
      <![CDATA[Navigate to the URL]]>
    </line>
    <line>
      <![CDATA[Script passed]]>
    </line>
    <line>
      <![CDATA[Browser closed]]>
    </line>
    <line>
      <![CDATA[Chrome Browser launches]]>
    </line>
    <line>
      <![CDATA[Navigate to the URL]]>
    </line>
    <line>
      <![CDATA[Script passed]]>
    </line>
    <line>
      <![CDATA[Browser closed]]>
    </line>
    <line>
      <![CDATA[Chrome Browser launches]]>
    </line>
    <line>
      <![CDATA[Navigate to the URL]]>
    </line>
    <line>
      <![CDATA[Script passed]]>
    </line>
    <line>
      <![CDATA[Browser closed]]>
    </line>
    <line>
      <![CDATA[Chrome Browser launches]]>
    </line>
    <line>
      <![CDATA[Navigate to the URL]]>
    </line>
    <line>
      <![CDATA[Script passed]]>
    </line>
    <line>
      <![CDATA[Browser closed]]>
    </line>
    <line>
      <![CDATA[Chrome Browser launches]]>
    </line>
    <line>
      <![CDATA[Navigate to the URL]]>
    </line>
    <line>
      <![CDATA[Script passed]]>
    </line>
    <line>
      <![CDATA[Browser closed]]>
    </line>
    <line>
      <![CDATA[Chrome Browser launches]]>
    </line>
    <line>
      <![CDATA[Navigate to the URL]]>
    </line>
    <line>
      <![CDATA[Script passed]]>
    </line>
    <line>
      <![CDATA[Browser closed]]>
    </line>
    <line>
      <![CDATA[Chrome Browser launches]]>
    </line>
    <line>
      <![CDATA[Navigate to the URL]]>
    </line>
    <line>
      <![CDATA[Script passed]]>
    </line>
    <line>
      <![CDATA[Browser closed]]>
    </line>
    <line>
      <![CDATA[Chrome Browser launches]]>
    </line>
    <line>
      <![CDATA[Navigate to the URL]]>
    </line>
    <line>
      <![CDATA[Script passed]]>
    </line>
    <line>
      <![CDATA[Browser closed]]>
    </line>
    <line>
      <![CDATA[Chrome Browser launches]]>
    </line>
    <line>
      <![CDATA[Navigate to the URL]]>
    </line>
    <line>
      <![CDATA[Script passed]]>
    </line>
    <line>
      <![CDATA[Browser closed]]>
    </line>
    <line>
      <![CDATA[Chrome Browser launches]]>
    </line>
    <line>
      <![CDATA[Navigate to the URL]]>
    </line>
    <line>
      <![CDATA[Script passed]]>
    </line>
    <line>
      <![CDATA[Browser closed]]>
    </line>
    <line>
      <![CDATA[Chrome Browser launches]]>
    </line>
    <line>
      <![CDATA[Navigate to the URL]]>
    </line>
    <line>
      <![CDATA[Screenshot has been taken]]>
    </line>
    <line>
      <![CDATA[Browser closed]]>
    </line>
  </reporter-output>
  <suite name="Main Test Suite" duration-ms="1031215" started-at="2018-11-28T13:19:13Z" finished-at="2018-11-28T13:36:24Z">
    <groups>
      <group name="Regression">
        <method signature="AsknAnswerTest.TC_001_AskQuestionTest()[pri:0, instance:com.applect.meritnation.scripts.AsknAnswerTest@3b2155d2]" name="TC_001_AskQuestionTest" class="com.applect.meritnation.scripts.AsknAnswerTest"/>
        <method signature="AsknAnswerTest.TC_003_VerifyUserProfileFromRecommendedQuestionsTest()[pri:0, instance:com.applect.meritnation.scripts.AsknAnswerTest@3b2155d2]" name="TC_003_VerifyUserProfileFromRecommendedQuestionsTest" class="com.applect.meritnation.scripts.AsknAnswerTest"/>
        <method signature="CreateAccountTest.TC_001_ANARegistrationTest()[pri:0, instance:com.applect.meritnation.scripts.CreateAccountTest@26d82faa]" name="TC_001_ANARegistrationTest" class="com.applect.meritnation.scripts.CreateAccountTest"/>
        <method signature="CreateAccountTest.TC_001_CreateAccountTest()[pri:1, instance:com.applect.meritnation.scripts.CreateAccountTest@26d82faa]" name="TC_001_CreateAccountTest" class="com.applect.meritnation.scripts.CreateAccountTest"/>
        <method signature="LoginTest.TC_001_LoginTest()[pri:0, instance:com.applect.meritnation.scripts.LoginTest@9896c52]" name="TC_001_LoginTest" class="com.applect.meritnation.scripts.LoginTest"/>
        <method signature="SearchTest.TC_001_SearchTest()[pri:0, instance:com.applect.meritnation.scripts.SearchTest@1d268062]" name="TC_001_SearchTest" class="com.applect.meritnation.scripts.SearchTest"/>
        <method signature="StudyTest.TC_001_VerifyStudyPhysicsPageTest()[pri:0, instance:com.applect.meritnation.scripts.StudyTest@6be3878c]" name="TC_001_VerifyStudyPhysicsPageTest" class="com.applect.meritnation.scripts.StudyTest"/>
        <method signature="StudyTest.TC_002_verifyStudyPhysicsTopicLiveClasssesTest()[pri:0, instance:com.applect.meritnation.scripts.StudyTest@6be3878c]" name="TC_002_verifyStudyPhysicsTopicLiveClasssesTest" class="com.applect.meritnation.scripts.StudyTest"/>
        <method signature="StudyTest.TC_003_VerifyStudyPhysicsTopicConceptsTest()[pri:0, instance:com.applect.meritnation.scripts.StudyTest@6be3878c]" name="TC_003_VerifyStudyPhysicsTopicConceptsTest" class="com.applect.meritnation.scripts.StudyTest"/>
        <method signature="StudyTest.TC_004_VerifyStudyPhysicsTopicPracticeTest()[pri:0, instance:com.applect.meritnation.scripts.StudyTest@6be3878c]" name="TC_004_VerifyStudyPhysicsTopicPracticeTest" class="com.applect.meritnation.scripts.StudyTest"/>
        <method signature="StudyTest.TC_005_VerifyStudyPhysicsTopicAssignmentTest()[pri:0, instance:com.applect.meritnation.scripts.StudyTest@6be3878c]" name="TC_005_VerifyStudyPhysicsTopicAssignmentTest" class="com.applect.meritnation.scripts.StudyTest"/>
        <method signature="StudyTest.TC_006_VerifyStudyPhysicsTopicTestsTest()[pri:0, instance:com.applect.meritnation.scripts.StudyTest@6be3878c]" name="TC_006_VerifyStudyPhysicsTopicTestsTest" class="com.applect.meritnation.scripts.StudyTest"/>
        <method signature="StudyTest.TC_009_VerifyStudyPhysicsTopicRevisionNotesTest()[pri:0, instance:com.applect.meritnation.scripts.StudyTest@6be3878c]" name="TC_009_VerifyStudyPhysicsTopicRevisionNotesTest" class="com.applect.meritnation.scripts.StudyTest"/>
        <method signature="StudyTest.TC_010_VerifyStudyPhysicsTopicBoardPaperQuestionsTest()[pri:0, instance:com.applect.meritnation.scripts.StudyTest@6be3878c]" name="TC_010_VerifyStudyPhysicsTopicBoardPaperQuestionsTest" class="com.applect.meritnation.scripts.StudyTest"/>
        <method signature="StudyTest.TC_011_VerifyStudyPhysicsTopicFormativeAssesmentTest()[pri:0, instance:com.applect.meritnation.scripts.StudyTest@6be3878c]" name="TC_011_VerifyStudyPhysicsTopicFormativeAssesmentTest" class="com.applect.meritnation.scripts.StudyTest"/>
        <method signature="StudyTest.TC_053_VerifyBoardPapterSolutionTest()[pri:0, instance:com.applect.meritnation.scripts.StudyTest@6be3878c]" name="TC_053_VerifyBoardPapterSolutionTest" class="com.applect.meritnation.scripts.StudyTest"/>
      </group> <!-- Regression -->
      <group name="MobileRegression">
        <method signature="MobileLoginTest.TC_002_MobileSignup()[pri:0, instance:com.applect.meritnationmobile.scripts.MobileLoginTest@80e4ee]" name="TC_002_MobileSignup" class="com.applect.meritnationmobile.scripts.MobileLoginTest"/>
      </group> <!-- MobileRegression -->
    </groups>
    <test name="Meritnation Web Regression" duration-ms="1019176" started-at="2018-11-28T13:19:13Z" finished-at="2018-11-28T13:36:12Z">
      <class name="com.applect.meritnation.scripts.CreateAccountTest">
        <test-method status="PASS" signature="preConditionWeb(java.lang.String)[pri:0, instance:com.applect.meritnation.scripts.CreateAccountTest@26d82faa]" name="preConditionWeb" is-config="true" duration-ms="5460" started-at="2018-11-28T19:02:22Z" finished-at="2018-11-28T19:02:28Z">
          <params>
            <param index="0">
              <value>
                <![CDATA[chrome]]>
              </value>
            </param>
          </params>
          <reporter-output>
            <line>
              <![CDATA[Chrome Browser launches]]>
            </line>
            <line>
              <![CDATA[Navigate to the URL]]>
            </line>
          </reporter-output>
        </test-method> <!-- preConditionWeb -->
        <test-method status="PASS" signature="TC_001_ANARegistrationTest()[pri:0, instance:com.applect.meritnation.scripts.CreateAccountTest@26d82faa]" name="TC_001_ANARegistrationTest" duration-ms="38933" started-at="2018-11-28T19:02:28Z" finished-at="2018-11-28T19:03:07Z">
          <reporter-output>
          </reporter-output>
        </test-method> <!-- TC_001_ANARegistrationTest -->
        <test-method status="PASS" signature="postCondition(org.testng.ITestResult)[pri:0, instance:com.applect.meritnation.scripts.CreateAccountTest@26d82faa]" name="postCondition" is-config="true" duration-ms="110" started-at="2018-11-28T19:03:07Z" finished-at="2018-11-28T19:03:07Z">
          <params>
            <param index="0">
              <value>
                <![CDATA[[TestResult name=TC_001_ANARegistrationTest status=SUCCESS method=CreateAccountTest.TC_001_ANARegistrationTest()[pri:0, instance:com.applect.meritnation.scripts.CreateAccountTest@26d82faa] output={null}]]]>
              </value>
            </param>
          </params>
          <reporter-output>
            <line>
              <![CDATA[Script passed]]>
            </line>
            <line>
              <![CDATA[Browser closed]]>
            </line>
          </reporter-output>
        </test-method> <!-- postCondition -->
        <test-method status="PASS" signature="preConditionWeb(java.lang.String)[pri:0, instance:com.applect.meritnation.scripts.CreateAccountTest@26d82faa]" name="preConditionWeb" is-config="true" duration-ms="6278" started-at="2018-11-28T19:03:43Z" finished-at="2018-11-28T19:03:49Z">
          <params>
            <param index="0">
              <value>
                <![CDATA[chrome]]>
              </value>
            </param>
          </params>
          <reporter-output>
            <line>
              <![CDATA[Chrome Browser launches]]>
            </line>
            <line>
              <![CDATA[Navigate to the URL]]>
            </line>
          </reporter-output>
        </test-method> <!-- preConditionWeb -->
        <test-method status="PASS" signature="TC_001_CreateAccountTest()[pri:1, instance:com.applect.meritnation.scripts.CreateAccountTest@26d82faa]" name="TC_001_CreateAccountTest" duration-ms="32602" started-at="2018-11-28T19:03:49Z" finished-at="2018-11-28T19:04:21Z">
          <reporter-output>
          </reporter-output>
        </test-method> <!-- TC_001_CreateAccountTest -->
        <test-method status="PASS" signature="postCondition(org.testng.ITestResult)[pri:0, instance:com.applect.meritnation.scripts.CreateAccountTest@26d82faa]" name="postCondition" is-config="true" duration-ms="98" started-at="2018-11-28T19:04:21Z" finished-at="2018-11-28T19:04:22Z">
          <params>
            <param index="0">
              <value>
                <![CDATA[[TestResult name=TC_001_CreateAccountTest status=SUCCESS method=CreateAccountTest.TC_001_CreateAccountTest()[pri:1, instance:com.applect.meritnation.scripts.CreateAccountTest@26d82faa] output={null}]]]>
              </value>
            </param>
          </params>
          <reporter-output>
            <line>
              <![CDATA[Script passed]]>
            </line>
            <line>
              <![CDATA[Browser closed]]>
            </line>
          </reporter-output>
        </test-method> <!-- postCondition -->
      </class> <!-- com.applect.meritnation.scripts.CreateAccountTest -->
      <class name="com.applect.meritnation.scripts.SearchTest">
        <test-method status="PASS" signature="preConditionWeb(java.lang.String)[pri:0, instance:com.applect.meritnation.scripts.SearchTest@1d268062]" name="preConditionWeb" is-config="true" duration-ms="5652" started-at="2018-11-28T19:03:07Z" finished-at="2018-11-28T19:03:13Z">
          <params>
            <param index="0">
              <value>
                <![CDATA[chrome]]>
              </value>
            </param>
          </params>
          <reporter-output>
            <line>
              <![CDATA[Chrome Browser launches]]>
            </line>
            <line>
              <![CDATA[Navigate to the URL]]>
            </line>
          </reporter-output>
        </test-method> <!-- preConditionWeb -->
        <test-method status="PASS" signature="TC_001_SearchTest()[pri:0, instance:com.applect.meritnation.scripts.SearchTest@1d268062]" name="TC_001_SearchTest" duration-ms="26867" started-at="2018-11-28T19:03:13Z" finished-at="2018-11-28T19:03:39Z">
          <reporter-output>
          </reporter-output>
        </test-method> <!-- TC_001_SearchTest -->
        <test-method status="PASS" signature="postCondition(org.testng.ITestResult)[pri:0, instance:com.applect.meritnation.scripts.SearchTest@1d268062]" name="postCondition" is-config="true" duration-ms="3136" started-at="2018-11-28T19:03:39Z" finished-at="2018-11-28T19:03:43Z">
          <params>
            <param index="0">
              <value>
                <![CDATA[[TestResult name=TC_001_SearchTest status=SUCCESS method=SearchTest.TC_001_SearchTest()[pri:0, instance:com.applect.meritnation.scripts.SearchTest@1d268062] output={null}]]]>
              </value>
            </param>
          </params>
          <reporter-output>
            <line>
              <![CDATA[Script passed]]>
            </line>
            <line>
              <![CDATA[Browser closed]]>
            </line>
          </reporter-output>
        </test-method> <!-- postCondition -->
      </class> <!-- com.applect.meritnation.scripts.SearchTest -->
      <class name="com.applect.meritnation.scripts.AsknAnswerTest">
        <test-method status="PASS" signature="preConditionWeb(java.lang.String)[pri:0, instance:com.applect.meritnation.scripts.AsknAnswerTest@3b2155d2]" name="preConditionWeb" is-config="true" duration-ms="5744" started-at="2018-11-28T19:04:22Z" finished-at="2018-11-28T19:04:27Z">
          <params>
            <param index="0">
              <value>
                <![CDATA[chrome]]>
              </value>
            </param>
          </params>
          <reporter-output>
            <line>
              <![CDATA[Chrome Browser launches]]>
            </line>
            <line>
              <![CDATA[Navigate to the URL]]>
            </line>
          </reporter-output>
        </test-method> <!-- preConditionWeb -->
        <test-method status="PASS" signature="TC_001_AskQuestionTest()[pri:0, instance:com.applect.meritnation.scripts.AsknAnswerTest@3b2155d2]" name="TC_001_AskQuestionTest" duration-ms="27571" started-at="2018-11-28T19:04:27Z" finished-at="2018-11-28T19:04:55Z">
          <reporter-output>
          </reporter-output>
        </test-method> <!-- TC_001_AskQuestionTest -->
        <test-method status="PASS" signature="postCondition(org.testng.ITestResult)[pri:0, instance:com.applect.meritnation.scripts.AsknAnswerTest@3b2155d2]" name="postCondition" is-config="true" duration-ms="97" started-at="2018-11-28T19:04:55Z" finished-at="2018-11-28T19:04:55Z">
          <params>
            <param index="0">
              <value>
                <![CDATA[[TestResult name=TC_001_AskQuestionTest status=SUCCESS method=AsknAnswerTest.TC_001_AskQuestionTest()[pri:0, instance:com.applect.meritnation.scripts.AsknAnswerTest@3b2155d2] output={null}]]]>
              </value>
            </param>
          </params>
          <reporter-output>
            <line>
              <![CDATA[Script passed]]>
            </line>
            <line>
              <![CDATA[Browser closed]]>
            </line>
          </reporter-output>
        </test-method> <!-- postCondition -->
        <test-method status="PASS" signature="preConditionWeb(java.lang.String)[pri:0, instance:com.applect.meritnation.scripts.AsknAnswerTest@3b2155d2]" name="preConditionWeb" is-config="true" duration-ms="5819" started-at="2018-11-28T19:04:55Z" finished-at="2018-11-28T19:05:01Z">
          <params>
            <param index="0">
              <value>
                <![CDATA[chrome]]>
              </value>
            </param>
          </params>
          <reporter-output>
            <line>
              <![CDATA[Chrome Browser launches]]>
            </line>
            <line>
              <![CDATA[Navigate to the URL]]>
            </line>
          </reporter-output>
        </test-method> <!-- preConditionWeb -->
        <test-method status="PASS" signature="TC_003_VerifyUserProfileFromRecommendedQuestionsTest()[pri:0, instance:com.applect.meritnation.scripts.AsknAnswerTest@3b2155d2]" name="TC_003_VerifyUserProfileFromRecommendedQuestionsTest" duration-ms="34975" started-at="2018-11-28T19:05:01Z" finished-at="2018-11-28T19:05:36Z">
          <reporter-output>
          </reporter-output>
        </test-method> <!-- TC_003_VerifyUserProfileFromRecommendedQuestionsTest -->
        <test-method status="PASS" signature="postCondition(org.testng.ITestResult)[pri:0, instance:com.applect.meritnation.scripts.AsknAnswerTest@3b2155d2]" name="postCondition" is-config="true" duration-ms="96" started-at="2018-11-28T19:05:36Z" finished-at="2018-11-28T19:05:36Z">
          <params>
            <param index="0">
              <value>
                <![CDATA[[TestResult name=TC_003_VerifyUserProfileFromRecommendedQuestionsTest status=SUCCESS method=AsknAnswerTest.TC_003_VerifyUserProfileFromRecommendedQuestionsTest()[pri:0, instance:com.applect.meritnation.scripts.AsknAnswerTest@3b2155d2] output={null}]]]>
              </value>
            </param>
          </params>
          <reporter-output>
            <line>
              <![CDATA[Script passed]]>
            </line>
            <line>
              <![CDATA[Browser closed]]>
            </line>
          </reporter-output>
        </test-method> <!-- postCondition -->
      </class> <!-- com.applect.meritnation.scripts.AsknAnswerTest -->
      <class name="com.applect.meritnation.scripts.LoginTest">
        <test-method status="PASS" signature="preConditionWeb(java.lang.String)[pri:0, instance:com.applect.meritnation.scripts.LoginTest@9896c52]" name="preConditionWeb" is-config="true" duration-ms="6145" started-at="2018-11-28T19:05:36Z" finished-at="2018-11-28T19:05:42Z">
          <params>
            <param index="0">
              <value>
                <![CDATA[chrome]]>
              </value>
            </param>
          </params>
          <reporter-output>
            <line>
              <![CDATA[Chrome Browser launches]]>
            </line>
            <line>
              <![CDATA[Navigate to the URL]]>
            </line>
          </reporter-output>
        </test-method> <!-- preConditionWeb -->
        <test-method status="PASS" signature="TC_001_LoginTest()[pri:0, instance:com.applect.meritnation.scripts.LoginTest@9896c52]" name="TC_001_LoginTest" duration-ms="29775" started-at="2018-11-28T19:05:42Z" finished-at="2018-11-28T19:06:12Z">
          <reporter-output>
          </reporter-output>
        </test-method> <!-- TC_001_LoginTest -->
        <test-method status="PASS" signature="postCondition(org.testng.ITestResult)[pri:0, instance:com.applect.meritnation.scripts.LoginTest@9896c52]" name="postCondition" is-config="true" duration-ms="87" started-at="2018-11-28T19:06:12Z" finished-at="2018-11-28T19:06:12Z">
          <params>
            <param index="0">
              <value>
                <![CDATA[[TestResult name=TC_001_LoginTest status=SUCCESS method=LoginTest.TC_001_LoginTest()[pri:0, instance:com.applect.meritnation.scripts.LoginTest@9896c52] output={null}]]]>
              </value>
            </param>
          </params>
          <reporter-output>
            <line>
              <![CDATA[Script passed]]>
            </line>
            <line>
              <![CDATA[Browser closed]]>
            </line>
          </reporter-output>
        </test-method> <!-- postCondition -->
      </class> <!-- com.applect.meritnation.scripts.LoginTest -->
      <class name="com.applect.meritnation.scripts.StudyTest">
        <test-method status="PASS" signature="preConditionWeb(java.lang.String)[pri:0, instance:com.applect.meritnation.scripts.StudyTest@6be3878c]" name="preConditionWeb" is-config="true" duration-ms="6833" started-at="2018-11-28T18:49:13Z" finished-at="2018-11-28T18:49:20Z">
          <params>
            <param index="0">
              <value>
                <![CDATA[chrome]]>
              </value>
            </param>
          </params>
          <reporter-output>
            <line>
              <![CDATA[Chrome Browser launches]]>
            </line>
            <line>
              <![CDATA[Navigate to the URL]]>
            </line>
          </reporter-output>
        </test-method> <!-- preConditionWeb -->
        <test-method status="PASS" signature="TC_001_VerifyStudyPhysicsPageTest()[pri:0, instance:com.applect.meritnation.scripts.StudyTest@6be3878c]" name="TC_001_VerifyStudyPhysicsPageTest" duration-ms="161530" started-at="2018-11-28T18:49:20Z" finished-at="2018-11-28T18:52:01Z">
          <reporter-output>
          </reporter-output>
        </test-method> <!-- TC_001_VerifyStudyPhysicsPageTest -->
        <test-method status="PASS" signature="postCondition(org.testng.ITestResult)[pri:0, instance:com.applect.meritnation.scripts.StudyTest@6be3878c]" name="postCondition" is-config="true" duration-ms="117" started-at="2018-11-28T18:52:01Z" finished-at="2018-11-28T18:52:01Z">
          <params>
            <param index="0">
              <value>
                <![CDATA[[TestResult name=TC_001_VerifyStudyPhysicsPageTest status=SUCCESS method=StudyTest.TC_001_VerifyStudyPhysicsPageTest()[pri:0, instance:com.applect.meritnation.scripts.StudyTest@6be3878c] output={null}]]]>
              </value>
            </param>
          </params>
          <reporter-output>
            <line>
              <![CDATA[Script passed]]>
            </line>
            <line>
              <![CDATA[Browser closed]]>
            </line>
          </reporter-output>
        </test-method> <!-- postCondition -->
        <test-method status="PASS" signature="preConditionWeb(java.lang.String)[pri:0, instance:com.applect.meritnation.scripts.StudyTest@6be3878c]" name="preConditionWeb" is-config="true" duration-ms="6766" started-at="2018-11-28T18:52:01Z" finished-at="2018-11-28T18:52:08Z">
          <params>
            <param index="0">
              <value>
                <![CDATA[chrome]]>
              </value>
            </param>
          </params>
          <reporter-output>
            <line>
              <![CDATA[Chrome Browser launches]]>
            </line>
            <line>
              <![CDATA[Navigate to the URL]]>
            </line>
          </reporter-output>
        </test-method> <!-- preConditionWeb -->
        <test-method status="PASS" signature="TC_002_verifyStudyPhysicsTopicLiveClasssesTest()[pri:0, instance:com.applect.meritnation.scripts.StudyTest@6be3878c]" name="TC_002_verifyStudyPhysicsTopicLiveClasssesTest" duration-ms="45723" started-at="2018-11-28T18:52:08Z" finished-at="2018-11-28T18:52:54Z">
          <reporter-output>
          </reporter-output>
        </test-method> <!-- TC_002_verifyStudyPhysicsTopicLiveClasssesTest -->
        <test-method status="PASS" signature="postCondition(org.testng.ITestResult)[pri:0, instance:com.applect.meritnation.scripts.StudyTest@6be3878c]" name="postCondition" is-config="true" duration-ms="146" started-at="2018-11-28T18:52:54Z" finished-at="2018-11-28T18:52:54Z">
          <params>
            <param index="0">
              <value>
                <![CDATA[[TestResult name=TC_002_verifyStudyPhysicsTopicLiveClasssesTest status=SUCCESS method=StudyTest.TC_002_verifyStudyPhysicsTopicLiveClasssesTest()[pri:0, instance:com.applect.meritnation.scripts.StudyTest@6be3878c] output={null}]]]>
              </value>
            </param>
          </params>
          <reporter-output>
            <line>
              <![CDATA[Script passed]]>
            </line>
            <line>
              <![CDATA[Browser closed]]>
            </line>
          </reporter-output>
        </test-method> <!-- postCondition -->
        <test-method status="PASS" signature="preConditionWeb(java.lang.String)[pri:0, instance:com.applect.meritnation.scripts.StudyTest@6be3878c]" name="preConditionWeb" is-config="true" duration-ms="5995" started-at="2018-11-28T18:52:54Z" finished-at="2018-11-28T18:53:00Z">
          <params>
            <param index="0">
              <value>
                <![CDATA[chrome]]>
              </value>
            </param>
          </params>
          <reporter-output>
            <line>
              <![CDATA[Chrome Browser launches]]>
            </line>
            <line>
              <![CDATA[Navigate to the URL]]>
            </line>
          </reporter-output>
        </test-method> <!-- preConditionWeb -->
        <test-method status="PASS" signature="TC_003_VerifyStudyPhysicsTopicConceptsTest()[pri:0, instance:com.applect.meritnation.scripts.StudyTest@6be3878c]" name="TC_003_VerifyStudyPhysicsTopicConceptsTest" duration-ms="91934" started-at="2018-11-28T18:53:00Z" finished-at="2018-11-28T18:54:32Z">
          <reporter-output>
          </reporter-output>
        </test-method> <!-- TC_003_VerifyStudyPhysicsTopicConceptsTest -->
        <test-method status="PASS" signature="postCondition(org.testng.ITestResult)[pri:0, instance:com.applect.meritnation.scripts.StudyTest@6be3878c]" name="postCondition" is-config="true" duration-ms="105" started-at="2018-11-28T18:54:32Z" finished-at="2018-11-28T18:54:32Z">
          <params>
            <param index="0">
              <value>
                <![CDATA[[TestResult name=TC_003_VerifyStudyPhysicsTopicConceptsTest status=SUCCESS method=StudyTest.TC_003_VerifyStudyPhysicsTopicConceptsTest()[pri:0, instance:com.applect.meritnation.scripts.StudyTest@6be3878c] output={null}]]]>
              </value>
            </param>
          </params>
          <reporter-output>
            <line>
              <![CDATA[Script passed]]>
            </line>
            <line>
              <![CDATA[Browser closed]]>
            </line>
          </reporter-output>
        </test-method> <!-- postCondition -->
        <test-method status="PASS" signature="preConditionWeb(java.lang.String)[pri:0, instance:com.applect.meritnation.scripts.StudyTest@6be3878c]" name="preConditionWeb" is-config="true" duration-ms="6496" started-at="2018-11-28T18:54:32Z" finished-at="2018-11-28T18:54:38Z">
          <params>
            <param index="0">
              <value>
                <![CDATA[chrome]]>
              </value>
            </param>
          </params>
          <reporter-output>
            <line>
              <![CDATA[Chrome Browser launches]]>
            </line>
            <line>
              <![CDATA[Navigate to the URL]]>
            </line>
          </reporter-output>
        </test-method> <!-- preConditionWeb -->
        <test-method status="PASS" signature="TC_004_VerifyStudyPhysicsTopicPracticeTest()[pri:0, instance:com.applect.meritnation.scripts.StudyTest@6be3878c]" name="TC_004_VerifyStudyPhysicsTopicPracticeTest" duration-ms="41584" started-at="2018-11-28T18:54:38Z" finished-at="2018-11-28T18:55:20Z">
          <reporter-output>
          </reporter-output>
        </test-method> <!-- TC_004_VerifyStudyPhysicsTopicPracticeTest -->
        <test-method status="PASS" signature="postCondition(org.testng.ITestResult)[pri:0, instance:com.applect.meritnation.scripts.StudyTest@6be3878c]" name="postCondition" is-config="true" duration-ms="100" started-at="2018-11-28T18:55:20Z" finished-at="2018-11-28T18:55:20Z">
          <params>
            <param index="0">
              <value>
                <![CDATA[[TestResult name=TC_004_VerifyStudyPhysicsTopicPracticeTest status=SUCCESS method=StudyTest.TC_004_VerifyStudyPhysicsTopicPracticeTest()[pri:0, instance:com.applect.meritnation.scripts.StudyTest@6be3878c] output={null}]]]>
              </value>
            </param>
          </params>
          <reporter-output>
            <line>
              <![CDATA[Script passed]]>
            </line>
            <line>
              <![CDATA[Browser closed]]>
            </line>
          </reporter-output>
        </test-method> <!-- postCondition -->
        <test-method status="PASS" signature="preConditionWeb(java.lang.String)[pri:0, instance:com.applect.meritnation.scripts.StudyTest@6be3878c]" name="preConditionWeb" is-config="true" duration-ms="5996" started-at="2018-11-28T18:55:20Z" finished-at="2018-11-28T18:55:26Z">
          <params>
            <param index="0">
              <value>
                <![CDATA[chrome]]>
              </value>
            </param>
          </params>
          <reporter-output>
            <line>
              <![CDATA[Chrome Browser launches]]>
            </line>
            <line>
              <![CDATA[Navigate to the URL]]>
            </line>
          </reporter-output>
        </test-method> <!-- preConditionWeb -->
        <test-method status="PASS" signature="TC_005_VerifyStudyPhysicsTopicAssignmentTest()[pri:0, instance:com.applect.meritnation.scripts.StudyTest@6be3878c]" name="TC_005_VerifyStudyPhysicsTopicAssignmentTest" duration-ms="41175" started-at="2018-11-28T18:55:26Z" finished-at="2018-11-28T18:56:07Z">
          <reporter-output>
          </reporter-output>
        </test-method> <!-- TC_005_VerifyStudyPhysicsTopicAssignmentTest -->
        <test-method status="PASS" signature="postCondition(org.testng.ITestResult)[pri:0, instance:com.applect.meritnation.scripts.StudyTest@6be3878c]" name="postCondition" is-config="true" duration-ms="119" started-at="2018-11-28T18:56:07Z" finished-at="2018-11-28T18:56:07Z">
          <params>
            <param index="0">
              <value>
                <![CDATA[[TestResult name=TC_005_VerifyStudyPhysicsTopicAssignmentTest status=SUCCESS method=StudyTest.TC_005_VerifyStudyPhysicsTopicAssignmentTest()[pri:0, instance:com.applect.meritnation.scripts.StudyTest@6be3878c] output={null}]]]>
              </value>
            </param>
          </params>
          <reporter-output>
            <line>
              <![CDATA[Script passed]]>
            </line>
            <line>
              <![CDATA[Browser closed]]>
            </line>
          </reporter-output>
        </test-method> <!-- postCondition -->
        <test-method status="PASS" signature="preConditionWeb(java.lang.String)[pri:0, instance:com.applect.meritnation.scripts.StudyTest@6be3878c]" name="preConditionWeb" is-config="true" duration-ms="6001" started-at="2018-11-28T18:56:07Z" finished-at="2018-11-28T18:56:13Z">
          <params>
            <param index="0">
              <value>
                <![CDATA[chrome]]>
              </value>
            </param>
          </params>
          <reporter-output>
            <line>
              <![CDATA[Chrome Browser launches]]>
            </line>
            <line>
              <![CDATA[Navigate to the URL]]>
            </line>
          </reporter-output>
        </test-method> <!-- preConditionWeb -->
        <test-method status="PASS" signature="TC_006_VerifyStudyPhysicsTopicTestsTest()[pri:0, instance:com.applect.meritnation.scripts.StudyTest@6be3878c]" name="TC_006_VerifyStudyPhysicsTopicTestsTest" duration-ms="40936" started-at="2018-11-28T18:56:13Z" finished-at="2018-11-28T18:56:54Z">
          <reporter-output>
          </reporter-output>
        </test-method> <!-- TC_006_VerifyStudyPhysicsTopicTestsTest -->
        <test-method status="PASS" signature="postCondition(org.testng.ITestResult)[pri:0, instance:com.applect.meritnation.scripts.StudyTest@6be3878c]" name="postCondition" is-config="true" duration-ms="3121" started-at="2018-11-28T18:56:54Z" finished-at="2018-11-28T18:56:57Z">
          <params>
            <param index="0">
              <value>
                <![CDATA[[TestResult name=TC_006_VerifyStudyPhysicsTopicTestsTest status=SUCCESS method=StudyTest.TC_006_VerifyStudyPhysicsTopicTestsTest()[pri:0, instance:com.applect.meritnation.scripts.StudyTest@6be3878c] output={null}]]]>
              </value>
            </param>
          </params>
          <reporter-output>
            <line>
              <![CDATA[Script passed]]>
            </line>
            <line>
              <![CDATA[Browser closed]]>
            </line>
          </reporter-output>
        </test-method> <!-- postCondition -->
        <test-method status="PASS" signature="preConditionWeb(java.lang.String)[pri:0, instance:com.applect.meritnation.scripts.StudyTest@6be3878c]" name="preConditionWeb" is-config="true" duration-ms="6379" started-at="2018-11-28T18:56:57Z" finished-at="2018-11-28T18:57:04Z">
          <params>
            <param index="0">
              <value>
                <![CDATA[chrome]]>
              </value>
            </param>
          </params>
          <reporter-output>
            <line>
              <![CDATA[Chrome Browser launches]]>
            </line>
            <line>
              <![CDATA[Navigate to the URL]]>
            </line>
          </reporter-output>
        </test-method> <!-- preConditionWeb -->
        <test-method status="PASS" signature="TC_009_VerifyStudyPhysicsTopicRevisionNotesTest()[pri:0, instance:com.applect.meritnation.scripts.StudyTest@6be3878c]" name="TC_009_VerifyStudyPhysicsTopicRevisionNotesTest" duration-ms="69859" started-at="2018-11-28T18:57:04Z" finished-at="2018-11-28T18:58:14Z">
          <reporter-output>
          </reporter-output>
        </test-method> <!-- TC_009_VerifyStudyPhysicsTopicRevisionNotesTest -->
        <test-method status="PASS" signature="postCondition(org.testng.ITestResult)[pri:0, instance:com.applect.meritnation.scripts.StudyTest@6be3878c]" name="postCondition" is-config="true" duration-ms="116" started-at="2018-11-28T18:58:14Z" finished-at="2018-11-28T18:58:14Z">
          <params>
            <param index="0">
              <value>
                <![CDATA[[TestResult name=TC_009_VerifyStudyPhysicsTopicRevisionNotesTest status=SUCCESS method=StudyTest.TC_009_VerifyStudyPhysicsTopicRevisionNotesTest()[pri:0, instance:com.applect.meritnation.scripts.StudyTest@6be3878c] output={null}]]]>
              </value>
            </param>
          </params>
          <reporter-output>
            <line>
              <![CDATA[Script passed]]>
            </line>
            <line>
              <![CDATA[Browser closed]]>
            </line>
          </reporter-output>
        </test-method> <!-- postCondition -->
        <test-method status="PASS" signature="preConditionWeb(java.lang.String)[pri:0, instance:com.applect.meritnation.scripts.StudyTest@6be3878c]" name="preConditionWeb" is-config="true" duration-ms="5968" started-at="2018-11-28T18:58:14Z" finished-at="2018-11-28T18:58:20Z">
          <params>
            <param index="0">
              <value>
                <![CDATA[chrome]]>
              </value>
            </param>
          </params>
          <reporter-output>
            <line>
              <![CDATA[Chrome Browser launches]]>
            </line>
            <line>
              <![CDATA[Navigate to the URL]]>
            </line>
          </reporter-output>
        </test-method> <!-- preConditionWeb -->
        <test-method status="PASS" signature="TC_010_VerifyStudyPhysicsTopicBoardPaperQuestionsTest()[pri:0, instance:com.applect.meritnation.scripts.StudyTest@6be3878c]" name="TC_010_VerifyStudyPhysicsTopicBoardPaperQuestionsTest" duration-ms="30195" started-at="2018-11-28T18:58:20Z" finished-at="2018-11-28T18:58:50Z">
          <reporter-output>
          </reporter-output>
        </test-method> <!-- TC_010_VerifyStudyPhysicsTopicBoardPaperQuestionsTest -->
        <test-method status="PASS" signature="postCondition(org.testng.ITestResult)[pri:0, instance:com.applect.meritnation.scripts.StudyTest@6be3878c]" name="postCondition" is-config="true" duration-ms="140" started-at="2018-11-28T18:58:50Z" finished-at="2018-11-28T18:58:50Z">
          <params>
            <param index="0">
              <value>
                <![CDATA[[TestResult name=TC_010_VerifyStudyPhysicsTopicBoardPaperQuestionsTest status=SUCCESS method=StudyTest.TC_010_VerifyStudyPhysicsTopicBoardPaperQuestionsTest()[pri:0, instance:com.applect.meritnation.scripts.StudyTest@6be3878c] output={null}]]]>
              </value>
            </param>
          </params>
          <reporter-output>
            <line>
              <![CDATA[Script passed]]>
            </line>
            <line>
              <![CDATA[Browser closed]]>
            </line>
          </reporter-output>
        </test-method> <!-- postCondition -->
        <test-method status="PASS" signature="preConditionWeb(java.lang.String)[pri:0, instance:com.applect.meritnation.scripts.StudyTest@6be3878c]" name="preConditionWeb" is-config="true" duration-ms="8725" started-at="2018-11-28T18:58:50Z" finished-at="2018-11-28T18:58:59Z">
          <params>
            <param index="0">
              <value>
                <![CDATA[chrome]]>
              </value>
            </param>
          </params>
          <reporter-output>
            <line>
              <![CDATA[Chrome Browser launches]]>
            </line>
            <line>
              <![CDATA[Navigate to the URL]]>
            </line>
          </reporter-output>
        </test-method> <!-- preConditionWeb -->
        <test-method status="PASS" signature="TC_011_VerifyStudyPhysicsTopicFormativeAssesmentTest()[pri:0, instance:com.applect.meritnation.scripts.StudyTest@6be3878c]" name="TC_011_VerifyStudyPhysicsTopicFormativeAssesmentTest" duration-ms="45828" started-at="2018-11-28T18:58:59Z" finished-at="2018-11-28T18:59:45Z">
          <reporter-output>
          </reporter-output>
        </test-method> <!-- TC_011_VerifyStudyPhysicsTopicFormativeAssesmentTest -->
        <test-method status="PASS" signature="postCondition(org.testng.ITestResult)[pri:0, instance:com.applect.meritnation.scripts.StudyTest@6be3878c]" name="postCondition" is-config="true" duration-ms="117" started-at="2018-11-28T18:59:45Z" finished-at="2018-11-28T18:59:45Z">
          <params>
            <param index="0">
              <value>
                <![CDATA[[TestResult name=TC_011_VerifyStudyPhysicsTopicFormativeAssesmentTest status=SUCCESS method=StudyTest.TC_011_VerifyStudyPhysicsTopicFormativeAssesmentTest()[pri:0, instance:com.applect.meritnation.scripts.StudyTest@6be3878c] output={null}]]]>
              </value>
            </param>
          </params>
          <reporter-output>
            <line>
              <![CDATA[Script passed]]>
            </line>
            <line>
              <![CDATA[Browser closed]]>
            </line>
          </reporter-output>
        </test-method> <!-- postCondition -->
        <test-method status="PASS" signature="preConditionWeb(java.lang.String)[pri:0, instance:com.applect.meritnation.scripts.StudyTest@6be3878c]" name="preConditionWeb" is-config="true" duration-ms="6568" started-at="2018-11-28T18:59:45Z" finished-at="2018-11-28T18:59:51Z">
          <params>
            <param index="0">
              <value>
                <![CDATA[chrome]]>
              </value>
            </param>
          </params>
          <reporter-output>
            <line>
              <![CDATA[Chrome Browser launches]]>
            </line>
            <line>
              <![CDATA[Navigate to the URL]]>
            </line>
          </reporter-output>
        </test-method> <!-- preConditionWeb -->
        <test-method status="PASS" signature="TC_053_VerifyBoardPapterSolutionTest()[pri:0, instance:com.applect.meritnation.scripts.StudyTest@6be3878c]" name="TC_053_VerifyBoardPapterSolutionTest" duration-ms="150943" started-at="2018-11-28T18:59:51Z" finished-at="2018-11-28T19:02:22Z">
          <reporter-output>
          </reporter-output>
        </test-method> <!-- TC_053_VerifyBoardPapterSolutionTest -->
        <test-method status="PASS" signature="postCondition(org.testng.ITestResult)[pri:0, instance:com.applect.meritnation.scripts.StudyTest@6be3878c]" name="postCondition" is-config="true" duration-ms="126" started-at="2018-11-28T19:02:22Z" finished-at="2018-11-28T19:02:22Z">
          <params>
            <param index="0">
              <value>
                <![CDATA[[TestResult name=TC_053_VerifyBoardPapterSolutionTest status=SUCCESS method=StudyTest.TC_053_VerifyBoardPapterSolutionTest()[pri:0, instance:com.applect.meritnation.scripts.StudyTest@6be3878c] output={null}]]]>
              </value>
            </param>
          </params>
          <reporter-output>
            <line>
              <![CDATA[Script passed]]>
            </line>
            <line>
              <![CDATA[Browser closed]]>
            </line>
          </reporter-output>
        </test-method> <!-- postCondition -->
      </class> <!-- com.applect.meritnation.scripts.StudyTest -->
    </test> <!-- Meritnation Web Regression -->
    <test name="Meritnation Mobile Web Regression" duration-ms="12018" started-at="2018-11-28T13:36:12Z" finished-at="2018-11-28T13:36:24Z">
      <class name="com.applect.meritnationmobile.scripts.MobileLoginTest">
        <test-method status="PASS" signature="deleteOutputDirectory()[pri:0, instance:com.applect.meritnationmobile.scripts.MobileLoginTest@80e4ee]" name="deleteOutputDirectory" is-config="true" duration-ms="22" started-at="2018-11-28T18:49:13Z" finished-at="2018-11-28T18:49:13Z">
          <reporter-output>
          </reporter-output>
        </test-method> <!-- deleteOutputDirectory -->
        <test-method status="PASS" signature="preconditionMobile(java.lang.String)[pri:0, instance:com.applect.meritnationmobile.scripts.MobileLoginTest@80e4ee]" name="preconditionMobile" is-config="true" duration-ms="6639" started-at="2018-11-28T19:06:12Z" finished-at="2018-11-28T19:06:19Z">
          <params>
            <param index="0">
              <value>
                <![CDATA[chrome]]>
              </value>
            </param>
          </params>
          <reporter-output>
            <line>
              <![CDATA[Chrome Browser launches]]>
            </line>
            <line>
              <![CDATA[Navigate to the URL]]>
            </line>
          </reporter-output>
        </test-method> <!-- preconditionMobile -->
        <test-method status="FAIL" signature="TC_002_MobileSignup()[pri:0, instance:com.applect.meritnationmobile.scripts.MobileLoginTest@80e4ee]" name="TC_002_MobileSignup" duration-ms="5070" started-at="2018-11-28T19:06:19Z" finished-at="2018-11-28T19:06:24Z">
          <exception class="org.openqa.selenium.NoSuchElementException">
            <message>
              <![CDATA[no such element: Unable to locate element: {"method":"xpath","selector":"//span[text()='Login']"}
  (Session info: chrome=70.0.3538.102)
  (Driver info: chromedriver=2.40.565383 (76257d1ab79276b2d53ee976b2c3e3b9f335cde7),platform=Linux 3.19.0-80-generic x86_64) (WARNING: The server did not provide any stacktrace information)
Command duration or timeout: 5.05 seconds
For documentation on this error, please visit: http://seleniumhq.org/exceptions/no_such_element.html
Build info: version: '2.53.1', revision: 'a36b8b1', time: '2016-06-30 17:37:03'
System info: host: '58-s07', ip: '127.0.1.1', os.name: 'Linux', os.arch: 'amd64', os.version: '3.19.0-80-generic', java.version: '1.7.0_181'
*** Element info: {Using=xpath, value=//span[text()='Login']}
Session ID: 01f046701f89e7d03430126366f1517a
Driver info: org.openqa.selenium.chrome.ChromeDriver
Capabilities [{platform=LINUX, acceptSslCerts=false, javascriptEnabled=true, browserName=chrome, chrome={userDataDir=/tmp/.org.chromium.Chromium.CZ0kwR, chromedriverVersion=2.40.565383 (76257d1ab79276b2d53ee976b2c3e3b9f335cde7)}, networkConnectionEnabled=false, unexpectedAlertBehaviour=, rotatable=false, setWindowRect=true, mobileEmulationEnabled=false, locationContextEnabled=true, pageLoadStrategy=normal, version=70.0.3538.102, takesHeapSnapshot=true, cssSelectorsEnabled=true, databaseEnabled=false, handlesAlerts=true, browserConnectionEnabled=false, webStorageEnabled=true, nativeEvents=true, hasTouchScreen=false, applicationCacheEnabled=false, takesScreenshot=true, acceptInsecureCerts=false}]]]>
            </message>
            <full-stacktrace>
              <![CDATA[org.openqa.selenium.NoSuchElementException: no such element: Unable to locate element: {"method":"xpath","selector":"//span[text()='Login']"}
  (Session info: chrome=70.0.3538.102)
  (Driver info: chromedriver=2.40.565383 (76257d1ab79276b2d53ee976b2c3e3b9f335cde7),platform=Linux 3.19.0-80-generic x86_64) (WARNING: The server did not provide any stacktrace information)
Command duration or timeout: 5.05 seconds
For documentation on this error, please visit: http://seleniumhq.org/exceptions/no_such_element.html
Build info: version: '2.53.1', revision: 'a36b8b1', time: '2016-06-30 17:37:03'
System info: host: '58-s07', ip: '127.0.1.1', os.name: 'Linux', os.arch: 'amd64', os.version: '3.19.0-80-generic', java.version: '1.7.0_181'
*** Element info: {Using=xpath, value=//span[text()='Login']}
Session ID: 01f046701f89e7d03430126366f1517a
Driver info: org.openqa.selenium.chrome.ChromeDriver
Capabilities [{platform=LINUX, acceptSslCerts=false, javascriptEnabled=true, browserName=chrome, chrome={userDataDir=/tmp/.org.chromium.Chromium.CZ0kwR, chromedriverVersion=2.40.565383 (76257d1ab79276b2d53ee976b2c3e3b9f335cde7)}, networkConnectionEnabled=false, unexpectedAlertBehaviour=, rotatable=false, setWindowRect=true, mobileEmulationEnabled=false, locationContextEnabled=true, pageLoadStrategy=normal, version=70.0.3538.102, takesHeapSnapshot=true, cssSelectorsEnabled=true, databaseEnabled=false, handlesAlerts=true, browserConnectionEnabled=false, webStorageEnabled=true, nativeEvents=true, hasTouchScreen=false, applicationCacheEnabled=false, takesScreenshot=true, acceptInsecureCerts=false}]
	at sun.reflect.GeneratedConstructorAccessor38.newInstance(Unknown Source)
	at sun.reflect.DelegatingConstructorAccessorImpl.newInstance(DelegatingConstructorAccessorImpl.java:45)
	at java.lang.reflect.Constructor.newInstance(Constructor.java:526)
	at org.openqa.selenium.remote.ErrorHandler.createThrowable(ErrorHandler.java:206)
	at org.openqa.selenium.remote.ErrorHandler.throwIfResponseFailed(ErrorHandler.java:158)
	at org.openqa.selenium.remote.RemoteWebDriver.execute(RemoteWebDriver.java:678)
	at org.openqa.selenium.remote.RemoteWebDriver.findElement(RemoteWebDriver.java:363)
	at org.openqa.selenium.remote.RemoteWebDriver.findElementByXPath(RemoteWebDriver.java:500)
	at org.openqa.selenium.By$ByXPath.findElement(By.java:361)
	at org.openqa.selenium.remote.RemoteWebDriver.findElement(RemoteWebDriver.java:355)
	at org.openqa.selenium.support.pagefactory.DefaultElementLocator.findElement(DefaultElementLocator.java:69)
	at org.openqa.selenium.support.pagefactory.internal.LocatingElementHandler.invoke(LocatingElementHandler.java:38)
	at com.sun.proxy.$Proxy10.click(Unknown Source)
	at com.applect.meritnation.pageobject.MobileLoginPage.clickLogin(MobileLoginPage.java:107)
	at com.applect.meritnationmobile.scripts.MobileLoginTest.TC_002_MobileSignup(MobileLoginTest.java:21)
	at sun.reflect.NativeMethodAccessorImpl.invoke0(Native Method)
	at sun.reflect.NativeMethodAccessorImpl.invoke(NativeMethodAccessorImpl.java:57)
	at sun.reflect.DelegatingMethodAccessorImpl.invoke(DelegatingMethodAccessorImpl.java:43)
	at java.lang.reflect.Method.invoke(Method.java:606)
	at org.testng.internal.MethodInvocationHelper.invokeMethod(MethodInvocationHelper.java:85)
	at org.testng.internal.Invoker.invokeMethod(Invoker.java:639)
	at org.testng.internal.Invoker.invokeTestMethod(Invoker.java:816)
	at org.testng.internal.Invoker.invokeTestMethods(Invoker.java:1124)
	at org.testng.internal.TestMethodWorker.invokeTestMethods(TestMethodWorker.java:125)
	at org.testng.internal.TestMethodWorker.run(TestMethodWorker.java:108)
	at org.testng.TestRunner.privateRun(TestRunner.java:774)
	at org.testng.TestRunner.run(TestRunner.java:624)
	at org.testng.SuiteRunner.runTest(SuiteRunner.java:359)
	at org.testng.SuiteRunner.runSequentially(SuiteRunner.java:354)
	at org.testng.SuiteRunner.privateRun(SuiteRunner.java:312)
	at org.testng.SuiteRunner.run(SuiteRunner.java:261)
	at org.testng.SuiteRunnerWorker.runSuite(SuiteRunnerWorker.java:52)
	at org.testng.SuiteRunnerWorker.run(SuiteRunnerWorker.java:86)
	at org.testng.TestNG.runSuitesSequentially(TestNG.java:1215)
	at org.testng.TestNG.runSuitesLocally(TestNG.java:1140)
	at org.testng.TestNG.run(TestNG.java:1048)
	at org.testng.remote.AbstractRemoteTestNG.run(AbstractRemoteTestNG.java:114)
	at org.testng.remote.RemoteTestNG.initAndRun(RemoteTestNG.java:251)
	at org.testng.remote.RemoteTestNG.main(RemoteTestNG.java:77)
]]>
            </full-stacktrace>
          </exception> <!-- org.openqa.selenium.NoSuchElementException -->
          <reporter-output>
          </reporter-output>
        </test-method> <!-- TC_002_MobileSignup -->
        <test-method status="PASS" signature="postCondition(org.testng.ITestResult)[pri:0, instance:com.applect.meritnationmobile.scripts.MobileLoginTest@80e4ee]" name="postCondition" is-config="true" duration-ms="301" started-at="2018-11-28T19:06:24Z" finished-at="2018-11-28T19:06:24Z">
          <params>
            <param index="0">
              <value>
                <![CDATA[[TestResult name=TC_002_MobileSignup status=FAILURE method=MobileLoginTest.TC_002_MobileSignup()[pri:0, instance:com.applect.meritnationmobile.scripts.MobileLoginTest@80e4ee] output={null}]]]>
              </value>
            </param>
          </params>
          <reporter-output>
            <line>
              <![CDATA[Screenshot has been taken]]>
            </line>
            <line>
              <![CDATA[Browser closed]]>
            </line>
          </reporter-output>
        </test-method> <!-- postCondition -->
        <test-method status="PASS" signature="sendEmail()[pri:0, instance:com.applect.meritnationmobile.scripts.MobileLoginTest@80e4ee]" name="sendEmail" is-config="true" duration-ms="2" started-at="2018-11-28T19:06:24Z" finished-at="2018-11-28T19:06:24Z">
          <reporter-output>
          </reporter-output>
        </test-method> <!-- sendEmail -->
      </class> <!-- com.applect.meritnationmobile.scripts.MobileLoginTest -->
    </test> <!-- Meritnation Mobile Web Regression -->
  </suite> <!-- Main Test Suite -->
</testng-results>
